<?xml version='1.0' encoding='UTF-8'?>
<testsuite hostname="DESKTOP-OHF34TQ" name="ConverterTest" tests="2" errors="0" failures="0" skipped="0" time="6.267" timestamp="2024-06-04T19:02:48">
          <properties>
      <property name="java.specification.version" value="21"/><property name="sun.cpu.isalist" value="amd64"/><property name="sun.jnu.encoding" value="Cp1250"/><property name="sun.arch.data.model" value="64"/><property name="java.vendor.url" value="https://java.oracle.com/"/><property name="sun.boot.library.path" value="C:\Program Files\Java\jdk-21\bin"/><property name="sun.java.command" value="xsbt.boot.Boot test"/><property name="jdk.debug" value="release"/><property name="java.specification.vendor" value="Oracle Corporation"/><property name="java.version.date" value="2023-10-17"/><property name="java.home" value="C:\Program Files\Java\jdk-21"/><property name="file.separator" value="\"/><property name="java.vm.compressedOopsMode" value="32-bit"/><property name="line.separator" value="
"/><property name="java.vm.specification.vendor" value="Oracle Corporation"/><property name="java.specification.name" value="Java Platform API Specification"/><property name="user.script" value=""/><property name="sun.management.compiler" value="HotSpot 64-Bit Tiered Compilers"/><property name="java.runtime.version" value="21.0.1+12-LTS-29"/><property name="user.name" value="Filip"/><property name="log4j.ignoreTCL" value="true"/><property name="file.encoding" value="UTF-8"/><property name="jnidispatch.path" value="C:\Users\Filip\AppData\Local\Temp\jna-67881680\jna5615180306521311025.dll"/><property name="jna.loaded" value="true"/><property name="java.io.tmpdir" value="C:\Users\Filip\AppData\Local\Temp\"/><property name="java.version" value="21.0.1"/><property name="java.vm.specification.name" value="Java Virtual Machine Specification"/><property name="sun.os.patch.level" value=""/><property name="native.encoding" value="Cp1250"/><property name="java.library.path" value="C:\Program Files\Java\jdk-21\bin;C:\WINDOWS\Sun\Java\bin;C:\WINDOWS\system32;C:\WINDOWS;C:\Users\Filip\curl\bin;C:\ProgramData\chocolatey\bin;C:\msys64\usr\bin;C:\Python311\;C:\Program Files\dotnet\;C:\clisp-2.49;C:\Program Files (x86)\NVIDIA Corporation\PhysX\Common;C:\home\Steel Bank Common Lisp;C:\home\Steel Bank Common Lisp\sbcl.exe;C:\home\alive-lsp-main;C:\Program Files\Erlang OTP\bin;C:\WINDOWS\system32;C:\Program Files\Elixir;C:\Program Files\Docker\Docker\resources\bin;C:\Program Files\PostgreSQL\16\scripts;C:\Program Files\PostgreSQL\16\bin;C:\Program Files\Go\bin;C:\Program Files\protoc\bin;C:\Program Files (x86)\rebar3;C:\Program Files\Git\cmd;C:\Program Files\Java\jdk-21\bin;C:\Users\Filip\AppData\Roaming\Python\Python312\Scripts;C:\Program Files\Python312;C:\msys64;C:\gcc\bin;C:\Program Files\Elixir\bin;C:\Program Files\Erlang OTP\bin;C:\Program Files\ImageMagick-7.1.1-Q16;C:\Program Files\Python312\Scripts\;C:\Program Files\Python312\;C:\Program Files\nodejs\;C:\Users\Filip\curl\bin;C:\Users\Filip\bin;C:\Users\Filip\AppData\Local\Microsoft\WindowsApps;C:\Users\Filip\AppData\Local\Programs\MiKTeX\miktex\bin\x64\;C:\Users\Filip\AppData\Roaming\cabal\bin;C:\tools\ghc-9.6.2\bin;C:\tools\msys64;C:\ghcup\bin;C:\Program Files\Azure Data Studio\bin;C:\Program Files\JetBrains\IntelliJ IDEA 2023.2.3\bin;C:\MinGW\bin;C:\ProgramData\chocolatey\lib\ghc\tools\ghc-8.8.4\bin;C:\Program Files\Markdown Monster;C:\Users\Filip\go\bin;C:\Users\Filip\AppData\Local\Coursier\data\bin;C:\Program Files\JetBrains\CLion 2023.3.4\bin;C:\Users\Filip\go\bin;C:\Program Files (x86)\rebar3;C:\Users\Filip\AppData\Local\Programs\Microsoft VS Code\bin;."/><property name="stderr.encoding" value="cp852"/><property name="java.vendor" value="Oracle Corporation"/><property name="scala.ext.dirs" value="C:\Users\Filip\.sbt\1.0\java9-rt-ext-oracle_corporation_21_0_1"/><property name="sun.io.unicode.encoding" value="UnicodeLittle"/><property name="java.class.path" value="C:\Users\Filip\AppData\Local\Coursier\cache\arc\https\github.com\sbt\sbt\releases\download\v1.9.9\sbt-1.9.9.zip\sbt\bin\sbt-launch.jar"/><property name="java.vm.vendor" value="Oracle Corporation"/><property name="user.variant" value=""/><property name="jline.shutdownhook" value="false"/><property name="user.timezone" value="Europe/Warsaw"/><property name="java.vm.specification.version" value="21"/><property name="os.name" value="Windows 10"/><property name="sun.java.launcher" value="SUN_STANDARD"/><property name="user.country" value="PL"/><property name="sun.cpu.endian" value="little"/><property name="user.home" value="C:\Users\Filip"/><property name="user.language" value="pl"/><property name="sbt.ipcsocket.tmpdir" value="C:\Users\Filip\AppData\Local\Temp\.sbt17c28d34\ipcsocket"/><property name="swoval.tmpdir" value="C:\Users\Filip\AppData\Local\Temp\.sbt17c28d34\swoval"/><property name="jline.esc.timeout" value="0"/><property name="stdout.encoding" value="cp852"/><property name="path.separator" value=";"/><property name="os.version" value="10.0"/><property name="jna.nosys" value="true"/><property name="java.runtime.name" value="Java(TM) SE Runtime Environment"/><property name="java.vm.name" value="Java HotSpot(TM) 64-Bit Server VM"/><property name="java.vendor.url.bug" value="https://bugreport.java.com/bugreport/"/><property name="user.dir" value="C:\Users\Filip\Documents\MEGA\Scala\projekt"/><property name="os.arch" value="amd64"/><property name="java.vm.info" value="mixed mode, sharing"/><property name="java.vm.version" value="21.0.1+12-LTS-29"/><property name="java.class.version" value="65.0"/>
    </properties>
          <testcase classname="ConverterTest" name="ExchangeSingle -&gt; getExchangeRateDate" time="0.959">
                      
                    </testcase><testcase classname="ConverterTest" name="ExchangeSingle - getExchangeRatesRange" time="5.308">
                      
                    </testcase>
          <system-out><![CDATA[]]></system-out>
          <system-err><![CDATA[]]></system-err>
        </testsuite>